<?xml version="1.0" encoding="UTF-8"?>
<!-- Generated by org.testng.reporters.JUnitXMLReporter -->
<testsuite ignored="0" hostname="inbl01lap7065" failures="0" tests="1" name="Test" time="0.043" errors="0" timestamp="12 Feb 2022 07:01:21 GMT">
  <testcase classname="TestCase.LoginPageTest" name="@BeforeMethod SSSetUp" time="0.011">
    <failure type="java.lang.NullPointerException" message="Cannot invoke &amp;quot;String.equals(Object)&amp;quot; because &amp;quot;browserName&amp;quot; is null">
      <![CDATA[java.lang.NullPointerException: Cannot invoke "String.equals(Object)" because "browserName" is null
at basePackage.Base.initialization(Base.java:32)
at TestCase.LoginPageTest.SSSetUp(LoginPageTest.java:28)
... Removed 28 stack frames]]>
    </failure>
  </testcase> <!-- @BeforeMethod SSSetUp -->
  <testcase classname="TestCase.LoginPageTest" name="validateLoginnnn" time="0.0">
    <skipped/>
  </testcase> <!-- validateLoginnnn -->
</testsuite> <!-- Test -->
